2019-12-27 7:43:51 - PHP Warning:  mysqli::mysqli(): (HY000/1045): Access denied for user 'root'@'localhost' (using password: YES) in D:\xampp\htdocs\OpenCart\upload\system\library\db\mysqli.php on line 7
2019-12-27 7:43:51 - PHP Warning:  DB\MySQLi::__construct(): Couldn't fetch mysqli in D:\xampp\htdocs\OpenCart\upload\system\library\db\mysqli.php on line 10
2019-12-27 7:43:51 - PHP Warning:  DB\MySQLi::__construct(): Couldn't fetch mysqli in D:\xampp\htdocs\OpenCart\upload\system\library\db\mysqli.php on line 10
2019-12-27 7:43:51 - PHP Notice:  Undefined variable: mysql in D:\xampp\htdocs\OpenCart\upload\install\controller\install\step_3.php on line 280
2019-12-27 7:43:51 - PHP Notice:  Trying to get property of non-object in D:\xampp\htdocs\OpenCart\upload\install\controller\install\step_3.php on line 280
2019-12-30 9:41:10 - PHP Notice:  Error: Could not load cache adaptor db session! in D:\xampp\htdocs\OpenCart\upload\system\library\session.php on line 36
2020-01-02 10:40:02 - PHP Warning:  unlink(D:/xampp/htdocs/OpenCart/storage/cache/cache.store.1577965202): Permission denied in D:\xampp\htdocs\OpenCart\upload\system\library\cache\file.php on line 68
2020-01-03 9:49:10 - PHP Notice:  Undefined index: code in D:\xampp\htdocs\OpenCart\upload\admin\model\design\layout.php on line 38
2020-01-03 9:51:12 - PHP Notice:  Undefined index: code in D:\xampp\htdocs\OpenCart\upload\admin\model\design\layout.php on line 38
2020-01-03 9:51:44 - PHP Notice:  Undefined index: code in D:\xampp\htdocs\OpenCart\upload\admin\model\design\layout.php on line 38
2020-03-05 6:35:04 - PHP Warning:  imagecreatetruecolor(): Invalid image dimensions in D:\xampp\htdocs\OpenCart\upload\system\library\image.php on line 169
2020-03-05 6:35:04 - PHP Warning:  imagecolorallocate() expects parameter 1 to be resource, boolean given in D:\xampp\htdocs\OpenCart\upload\system\library\image.php on line 177
2020-03-05 6:35:04 - PHP Warning:  imagefilledrectangle() expects parameter 1 to be resource, boolean given in D:\xampp\htdocs\OpenCart\upload\system\library\image.php on line 180
2020-03-05 6:35:04 - PHP Warning:  imagecopyresampled() expects parameter 1 to be resource, boolean given in D:\xampp\htdocs\OpenCart\upload\system\library\image.php on line 182
2020-03-05 6:35:04 - PHP Warning:  imagecreatetruecolor(): Invalid image dimensions in D:\xampp\htdocs\OpenCart\upload\system\library\image.php on line 169
2020-03-05 6:35:04 - PHP Warning:  imagecolorallocate() expects parameter 1 to be resource, boolean given in D:\xampp\htdocs\OpenCart\upload\system\library\image.php on line 177
2020-03-05 6:35:04 - PHP Warning:  imagefilledrectangle() expects parameter 1 to be resource, boolean given in D:\xampp\htdocs\OpenCart\upload\system\library\image.php on line 180
2020-03-05 6:35:04 - PHP Warning:  imagecopyresampled() expects parameter 1 to be resource, boolean given in D:\xampp\htdocs\OpenCart\upload\system\library\image.php on line 182
2020-03-05 6:35:05 - PHP Warning:  imagecreatetruecolor(): Invalid image dimensions in D:\xampp\htdocs\OpenCart\upload\system\library\image.php on line 169
2020-03-05 6:35:05 - PHP Warning:  imagecolorallocate() expects parameter 1 to be resource, boolean given in D:\xampp\htdocs\OpenCart\upload\system\library\image.php on line 177
2020-03-05 6:35:05 - PHP Warning:  imagefilledrectangle() expects parameter 1 to be resource, boolean given in D:\xampp\htdocs\OpenCart\upload\system\library\image.php on line 180
2020-03-05 6:35:05 - PHP Warning:  imagecopyresampled() expects parameter 1 to be resource, boolean given in D:\xampp\htdocs\OpenCart\upload\system\library\image.php on line 182
2020-03-05 6:35:05 - PHP Warning:  imagecreatetruecolor(): Invalid image dimensions in D:\xampp\htdocs\OpenCart\upload\system\library\image.php on line 169
2020-03-05 6:35:05 - PHP Warning:  imagecolorallocate() expects parameter 1 to be resource, boolean given in D:\xampp\htdocs\OpenCart\upload\system\library\image.php on line 177
2020-03-05 6:35:05 - PHP Warning:  imagefilledrectangle() expects parameter 1 to be resource, boolean given in D:\xampp\htdocs\OpenCart\upload\system\library\image.php on line 180
2020-03-05 6:35:05 - PHP Warning:  imagecopyresampled() expects parameter 1 to be resource, boolean given in D:\xampp\htdocs\OpenCart\upload\system\library\image.php on line 182
2020-03-05 6:35:05 - PHP Warning:  imagecreatetruecolor(): Invalid image dimensions in D:\xampp\htdocs\OpenCart\upload\system\library\image.php on line 169
2020-03-05 6:35:05 - PHP Warning:  imagecolorallocate() expects parameter 1 to be resource, boolean given in D:\xampp\htdocs\OpenCart\upload\system\library\image.php on line 177
2020-03-05 6:35:05 - PHP Warning:  imagefilledrectangle() expects parameter 1 to be resource, boolean given in D:\xampp\htdocs\OpenCart\upload\system\library\image.php on line 180
2020-03-05 6:35:05 - PHP Warning:  imagecopyresampled() expects parameter 1 to be resource, boolean given in D:\xampp\htdocs\OpenCart\upload\system\library\image.php on line 182
2020-03-05 6:35:05 - PHP Warning:  imagecreatetruecolor(): Invalid image dimensions in D:\xampp\htdocs\OpenCart\upload\system\library\image.php on line 169
2020-03-05 6:35:05 - PHP Warning:  imagecolorallocate() expects parameter 1 to be resource, boolean given in D:\xampp\htdocs\OpenCart\upload\system\library\image.php on line 177
2020-03-05 6:35:05 - PHP Warning:  imagefilledrectangle() expects parameter 1 to be resource, boolean given in D:\xampp\htdocs\OpenCart\upload\system\library\image.php on line 180
2020-03-05 6:35:05 - PHP Warning:  imagecopyresampled() expects parameter 1 to be resource, boolean given in D:\xampp\htdocs\OpenCart\upload\system\library\image.php on line 182
2020-03-05 6:35:05 - PHP Warning:  imagecreatetruecolor(): Invalid image dimensions in D:\xampp\htdocs\OpenCart\upload\system\library\image.php on line 169
2020-03-05 6:35:05 - PHP Warning:  imagecolorallocate() expects parameter 1 to be resource, boolean given in D:\xampp\htdocs\OpenCart\upload\system\library\image.php on line 177
2020-03-05 6:35:05 - PHP Warning:  imagefilledrectangle() expects parameter 1 to be resource, boolean given in D:\xampp\htdocs\OpenCart\upload\system\library\image.php on line 180
2020-03-05 6:35:05 - PHP Warning:  imagecopyresampled() expects parameter 1 to be resource, boolean given in D:\xampp\htdocs\OpenCart\upload\system\library\image.php on line 182
2020-03-05 6:35:05 - PHP Warning:  imagecreatetruecolor(): Invalid image dimensions in D:\xampp\htdocs\OpenCart\upload\system\library\image.php on line 169
2020-03-05 6:35:05 - PHP Warning:  imagecolorallocate() expects parameter 1 to be resource, boolean given in D:\xampp\htdocs\OpenCart\upload\system\library\image.php on line 177
2020-03-05 6:35:05 - PHP Warning:  imagefilledrectangle() expects parameter 1 to be resource, boolean given in D:\xampp\htdocs\OpenCart\upload\system\library\image.php on line 180
2020-03-05 6:35:05 - PHP Warning:  imagecopyresampled() expects parameter 1 to be resource, boolean given in D:\xampp\htdocs\OpenCart\upload\system\library\image.php on line 182
2020-03-05 6:35:05 - PHP Warning:  imagecreatetruecolor(): Invalid image dimensions in D:\xampp\htdocs\OpenCart\upload\system\library\image.php on line 169
2020-03-05 6:35:05 - PHP Warning:  imagecolorallocate() expects parameter 1 to be resource, boolean given in D:\xampp\htdocs\OpenCart\upload\system\library\image.php on line 177
2020-03-05 6:35:05 - PHP Warning:  imagefilledrectangle() expects parameter 1 to be resource, boolean given in D:\xampp\htdocs\OpenCart\upload\system\library\image.php on line 180
2020-03-05 6:35:05 - PHP Warning:  imagecopyresampled() expects parameter 1 to be resource, boolean given in D:\xampp\htdocs\OpenCart\upload\system\library\image.php on line 182
2020-03-05 6:35:05 - PHP Warning:  imagecreatetruecolor(): Invalid image dimensions in D:\xampp\htdocs\OpenCart\upload\system\library\image.php on line 169
2020-03-05 6:35:05 - PHP Warning:  imagecolorallocate() expects parameter 1 to be resource, boolean given in D:\xampp\htdocs\OpenCart\upload\system\library\image.php on line 177
2020-03-05 6:35:05 - PHP Warning:  imagefilledrectangle() expects parameter 1 to be resource, boolean given in D:\xampp\htdocs\OpenCart\upload\system\library\image.php on line 180
2020-03-05 6:35:05 - PHP Warning:  imagecopyresampled() expects parameter 1 to be resource, boolean given in D:\xampp\htdocs\OpenCart\upload\system\library\image.php on line 182
2020-03-05 6:37:18 - PHP Warning:  Division by zero in D:\xampp\htdocs\OpenCart\upload\catalog\controller\product\search.php on line 408
2020-03-06 9:15:05 - PHP Notice:  Undefined variable: _GET in D:\xampp\htdocs\OpenCart\upload\catalog\controller\startup\startup.php on line 5
2020-03-06 9:15:24 - PHP Notice:  Undefined variable: _GET in D:\xampp\htdocs\OpenCart\upload\catalog\controller\startup\startup.php on line 5
2020-03-06 9:23:12 - PHP Notice:  Undefined index: fsi in D:\xampp\htdocs\OpenCart\upload\system\library\request.php on line 42
2020-03-26 8:59:48 - PHP Warning:  imagecreatetruecolor(): Invalid image dimensions in D:\xampp\htdocs\OpenCart\upload\system\library\image.php on line 169
2020-03-26 8:59:48 - PHP Warning:  imagecolorallocate() expects parameter 1 to be resource, boolean given in D:\xampp\htdocs\OpenCart\upload\system\library\image.php on line 177
2020-03-26 8:59:48 - PHP Warning:  imagefilledrectangle() expects parameter 1 to be resource, boolean given in D:\xampp\htdocs\OpenCart\upload\system\library\image.php on line 180
2020-03-26 8:59:48 - PHP Warning:  imagecopyresampled() expects parameter 1 to be resource, boolean given in D:\xampp\htdocs\OpenCart\upload\system\library\image.php on line 182
2020-03-26 8:59:48 - PHP Warning:  Division by zero in D:\xampp\htdocs\OpenCart\upload\catalog\controller\product\category.php on line 332
2020-03-30 1:30:22 - PHP Warning:  Division by zero in D:\xampp\htdocs\OpenCart\upload\catalog\controller\product\category.php on line 332
2020-04-14 8:23:11 - PHP Warning:  fopen(D:/xampp/htdocs/OpenCart/storage/cache/cache.catalog.language.1586856191): failed to open stream: No such file or directory in D:\xampp\htdocs\OpenCart\upload\system\library\cache\file.php on line 49
2020-04-14 8:23:11 - PHP Warning:  flock() expects parameter 1 to be resource, boolean given in D:\xampp\htdocs\OpenCart\upload\system\library\cache\file.php on line 51
2020-04-14 8:23:11 - PHP Warning:  fwrite() expects parameter 1 to be resource, boolean given in D:\xampp\htdocs\OpenCart\upload\system\library\cache\file.php on line 53
2020-04-14 8:23:11 - PHP Warning:  fflush() expects parameter 1 to be resource, boolean given in D:\xampp\htdocs\OpenCart\upload\system\library\cache\file.php on line 55
2020-04-14 8:23:11 - PHP Warning:  flock() expects parameter 1 to be resource, boolean given in D:\xampp\htdocs\OpenCart\upload\system\library\cache\file.php on line 57
2020-04-14 8:23:11 - PHP Warning:  fclose() expects parameter 1 to be resource, boolean given in D:\xampp\htdocs\OpenCart\upload\system\library\cache\file.php on line 59
2020-04-14 8:23:11 - PHP Warning:  fopen(D:/xampp/htdocs/OpenCart/storage/cache/cache.currency.1586856191): failed to open stream: No such file or directory in D:\xampp\htdocs\OpenCart\upload\system\library\cache\file.php on line 49
2020-04-14 8:23:11 - PHP Warning:  flock() expects parameter 1 to be resource, boolean given in D:\xampp\htdocs\OpenCart\upload\system\library\cache\file.php on line 51
2020-04-14 8:23:11 - PHP Warning:  fwrite() expects parameter 1 to be resource, boolean given in D:\xampp\htdocs\OpenCart\upload\system\library\cache\file.php on line 53
2020-04-14 8:23:11 - PHP Warning:  fflush() expects parameter 1 to be resource, boolean given in D:\xampp\htdocs\OpenCart\upload\system\library\cache\file.php on line 55
2020-04-14 8:23:11 - PHP Warning:  flock() expects parameter 1 to be resource, boolean given in D:\xampp\htdocs\OpenCart\upload\system\library\cache\file.php on line 57
2020-04-14 8:23:11 - PHP Warning:  fclose() expects parameter 1 to be resource, boolean given in D:\xampp\htdocs\OpenCart\upload\system\library\cache\file.php on line 59
2020-04-14 9:12:04 - PHP Warning:  imagecreatetruecolor(): Invalid image dimensions in D:\xampp\htdocs\OpenCart\upload\system\library\image.php on line 169
2020-04-14 9:12:04 - PHP Warning:  imagealphablending() expects parameter 1 to be resource, boolean given in D:\xampp\htdocs\OpenCart\upload\system\library\image.php on line 172
2020-04-14 9:12:04 - PHP Warning:  imagesavealpha() expects parameter 1 to be resource, boolean given in D:\xampp\htdocs\OpenCart\upload\system\library\image.php on line 173
2020-04-14 9:12:04 - PHP Warning:  imagecolorallocatealpha() expects parameter 1 to be resource, boolean given in D:\xampp\htdocs\OpenCart\upload\system\library\image.php on line 174
2020-04-14 9:12:04 - PHP Warning:  imagecolortransparent() expects parameter 1 to be resource, boolean given in D:\xampp\htdocs\OpenCart\upload\system\library\image.php on line 175
2020-04-14 9:12:04 - PHP Warning:  imagefilledrectangle() expects parameter 1 to be resource, boolean given in D:\xampp\htdocs\OpenCart\upload\system\library\image.php on line 180
2020-04-14 9:12:04 - PHP Warning:  imagecopyresampled() expects parameter 1 to be resource, boolean given in D:\xampp\htdocs\OpenCart\upload\system\library\image.php on line 182
2020-04-15 6:12:35 - PHP Warning:  imagecreatetruecolor(): Invalid image dimensions in D:\xampp\htdocs\OpenCart\upload\system\library\image.php on line 169
2020-04-15 6:12:35 - PHP Warning:  imagecolorallocate() expects parameter 1 to be resource, boolean given in D:\xampp\htdocs\OpenCart\upload\system\library\image.php on line 177
2020-04-15 6:12:35 - PHP Warning:  imagefilledrectangle() expects parameter 1 to be resource, boolean given in D:\xampp\htdocs\OpenCart\upload\system\library\image.php on line 180
2020-04-15 6:12:35 - PHP Warning:  imagecopyresampled() expects parameter 1 to be resource, boolean given in D:\xampp\htdocs\OpenCart\upload\system\library\image.php on line 182
2020-04-15 6:12:35 - PHP Warning:  Division by zero in D:\xampp\htdocs\OpenCart\upload\catalog\controller\product\category.php on line 332
2020-04-15 6:30:10 - PHP Warning:  imagecreatetruecolor(): Invalid image dimensions in D:\xampp\htdocs\OpenCart\upload\system\library\image.php on line 169
2020-04-15 6:30:10 - PHP Warning:  imagecolorallocate() expects parameter 1 to be resource, boolean given in D:\xampp\htdocs\OpenCart\upload\system\library\image.php on line 177
2020-04-15 6:30:10 - PHP Warning:  imagefilledrectangle() expects parameter 1 to be resource, boolean given in D:\xampp\htdocs\OpenCart\upload\system\library\image.php on line 180
2020-04-15 6:30:10 - PHP Warning:  imagecopyresampled() expects parameter 1 to be resource, boolean given in D:\xampp\htdocs\OpenCart\upload\system\library\image.php on line 182
2020-04-15 6:30:10 - PHP Warning:  imagecreatetruecolor(): Invalid image dimensions in D:\xampp\htdocs\OpenCart\upload\system\library\image.php on line 169
2020-04-15 6:30:10 - PHP Warning:  imagecolorallocate() expects parameter 1 to be resource, boolean given in D:\xampp\htdocs\OpenCart\upload\system\library\image.php on line 177
2020-04-15 6:30:10 - PHP Warning:  imagefilledrectangle() expects parameter 1 to be resource, boolean given in D:\xampp\htdocs\OpenCart\upload\system\library\image.php on line 180
2020-04-15 6:30:10 - PHP Warning:  imagecopyresampled() expects parameter 1 to be resource, boolean given in D:\xampp\htdocs\OpenCart\upload\system\library\image.php on line 182
2020-04-15 6:30:10 - PHP Warning:  imagecreatetruecolor(): Invalid image dimensions in D:\xampp\htdocs\OpenCart\upload\system\library\image.php on line 169
2020-04-15 6:30:10 - PHP Warning:  imagecolorallocate() expects parameter 1 to be resource, boolean given in D:\xampp\htdocs\OpenCart\upload\system\library\image.php on line 177
2020-04-15 6:30:10 - PHP Warning:  imagefilledrectangle() expects parameter 1 to be resource, boolean given in D:\xampp\htdocs\OpenCart\upload\system\library\image.php on line 180
2020-04-15 6:30:10 - PHP Warning:  imagecopyresampled() expects parameter 1 to be resource, boolean given in D:\xampp\htdocs\OpenCart\upload\system\library\image.php on line 182
2020-04-15 6:30:10 - PHP Warning:  imagecreatetruecolor(): Invalid image dimensions in D:\xampp\htdocs\OpenCart\upload\system\library\image.php on line 169
2020-04-15 6:30:10 - PHP Warning:  imagecolorallocate() expects parameter 1 to be resource, boolean given in D:\xampp\htdocs\OpenCart\upload\system\library\image.php on line 177
2020-04-15 6:30:10 - PHP Warning:  imagefilledrectangle() expects parameter 1 to be resource, boolean given in D:\xampp\htdocs\OpenCart\upload\system\library\image.php on line 180
2020-04-15 6:30:10 - PHP Warning:  imagecopyresampled() expects parameter 1 to be resource, boolean given in D:\xampp\htdocs\OpenCart\upload\system\library\image.php on line 182
2020-04-15 6:30:10 - PHP Warning:  imagecreatetruecolor(): Invalid image dimensions in D:\xampp\htdocs\OpenCart\upload\system\library\image.php on line 169
2020-04-15 6:30:10 - PHP Warning:  imagecolorallocate() expects parameter 1 to be resource, boolean given in D:\xampp\htdocs\OpenCart\upload\system\library\image.php on line 177
2020-04-15 6:30:10 - PHP Warning:  imagefilledrectangle() expects parameter 1 to be resource, boolean given in D:\xampp\htdocs\OpenCart\upload\system\library\image.php on line 180
2020-04-15 6:30:10 - PHP Warning:  imagecopyresampled() expects parameter 1 to be resource, boolean given in D:\xampp\htdocs\OpenCart\upload\system\library\image.php on line 182
2020-04-15 6:30:10 - PHP Warning:  imagecreatetruecolor(): Invalid image dimensions in D:\xampp\htdocs\OpenCart\upload\system\library\image.php on line 169
2020-04-15 6:30:10 - PHP Warning:  imagecolorallocate() expects parameter 1 to be resource, boolean given in D:\xampp\htdocs\OpenCart\upload\system\library\image.php on line 177
2020-04-15 6:30:10 - PHP Warning:  imagefilledrectangle() expects parameter 1 to be resource, boolean given in D:\xampp\htdocs\OpenCart\upload\system\library\image.php on line 180
2020-04-15 6:30:10 - PHP Warning:  imagecopyresampled() expects parameter 1 to be resource, boolean given in D:\xampp\htdocs\OpenCart\upload\system\library\image.php on line 182
2020-04-15 6:30:10 - PHP Warning:  imagecreatetruecolor(): Invalid image dimensions in D:\xampp\htdocs\OpenCart\upload\system\library\image.php on line 169
2020-04-15 6:30:10 - PHP Warning:  imagecolorallocate() expects parameter 1 to be resource, boolean given in D:\xampp\htdocs\OpenCart\upload\system\library\image.php on line 177
2020-04-15 6:30:10 - PHP Warning:  imagefilledrectangle() expects parameter 1 to be resource, boolean given in D:\xampp\htdocs\OpenCart\upload\system\library\image.php on line 180
2020-04-15 6:30:10 - PHP Warning:  imagecopyresampled() expects parameter 1 to be resource, boolean given in D:\xampp\htdocs\OpenCart\upload\system\library\image.php on line 182
2020-04-15 6:30:10 - PHP Warning:  imagecreatetruecolor(): Invalid image dimensions in D:\xampp\htdocs\OpenCart\upload\system\library\image.php on line 169
2020-04-15 6:30:10 - PHP Warning:  imagecolorallocate() expects parameter 1 to be resource, boolean given in D:\xampp\htdocs\OpenCart\upload\system\library\image.php on line 177
2020-04-15 6:30:10 - PHP Warning:  imagefilledrectangle() expects parameter 1 to be resource, boolean given in D:\xampp\htdocs\OpenCart\upload\system\library\image.php on line 180
2020-04-15 6:30:10 - PHP Warning:  imagecopyresampled() expects parameter 1 to be resource, boolean given in D:\xampp\htdocs\OpenCart\upload\system\library\image.php on line 182
2020-04-15 6:30:10 - PHP Warning:  imagecreatetruecolor(): Invalid image dimensions in D:\xampp\htdocs\OpenCart\upload\system\library\image.php on line 169
2020-04-15 6:30:10 - PHP Warning:  imagecolorallocate() expects parameter 1 to be resource, boolean given in D:\xampp\htdocs\OpenCart\upload\system\library\image.php on line 177
2020-04-15 6:30:10 - PHP Warning:  imagefilledrectangle() expects parameter 1 to be resource, boolean given in D:\xampp\htdocs\OpenCart\upload\system\library\image.php on line 180
2020-04-15 6:30:10 - PHP Warning:  imagecopyresampled() expects parameter 1 to be resource, boolean given in D:\xampp\htdocs\OpenCart\upload\system\library\image.php on line 182
2020-04-15 6:30:10 - PHP Warning:  imagecreatetruecolor(): Invalid image dimensions in D:\xampp\htdocs\OpenCart\upload\system\library\image.php on line 169
2020-04-15 6:30:10 - PHP Warning:  imagecolorallocate() expects parameter 1 to be resource, boolean given in D:\xampp\htdocs\OpenCart\upload\system\library\image.php on line 177
2020-04-15 6:30:10 - PHP Warning:  imagefilledrectangle() expects parameter 1 to be resource, boolean given in D:\xampp\htdocs\OpenCart\upload\system\library\image.php on line 180
2020-04-15 6:30:10 - PHP Warning:  imagecopyresampled() expects parameter 1 to be resource, boolean given in D:\xampp\htdocs\OpenCart\upload\system\library\image.php on line 182
2020-04-15 6:30:10 - PHP Warning:  imagecreatetruecolor(): Invalid image dimensions in D:\xampp\htdocs\OpenCart\upload\system\library\image.php on line 169
2020-04-15 6:30:10 - PHP Warning:  imagealphablending() expects parameter 1 to be resource, boolean given in D:\xampp\htdocs\OpenCart\upload\system\library\image.php on line 172
2020-04-15 6:30:10 - PHP Warning:  imagesavealpha() expects parameter 1 to be resource, boolean given in D:\xampp\htdocs\OpenCart\upload\system\library\image.php on line 173
2020-04-15 6:30:10 - PHP Warning:  imagecolorallocatealpha() expects parameter 1 to be resource, boolean given in D:\xampp\htdocs\OpenCart\upload\system\library\image.php on line 174
2020-04-15 6:30:10 - PHP Warning:  imagecolortransparent() expects parameter 1 to be resource, boolean given in D:\xampp\htdocs\OpenCart\upload\system\library\image.php on line 175
2020-04-15 6:30:10 - PHP Warning:  imagefilledrectangle() expects parameter 1 to be resource, boolean given in D:\xampp\htdocs\OpenCart\upload\system\library\image.php on line 180
2020-04-15 6:30:10 - PHP Warning:  imagecopyresampled() expects parameter 1 to be resource, boolean given in D:\xampp\htdocs\OpenCart\upload\system\library\image.php on line 182
2020-04-15 6:30:10 - PHP Warning:  imagecreatetruecolor(): Invalid image dimensions in D:\xampp\htdocs\OpenCart\upload\system\library\image.php on line 169
2020-04-15 6:30:10 - PHP Warning:  imagecolorallocate() expects parameter 1 to be resource, boolean given in D:\xampp\htdocs\OpenCart\upload\system\library\image.php on line 177
2020-04-15 6:30:10 - PHP Warning:  imagefilledrectangle() expects parameter 1 to be resource, boolean given in D:\xampp\htdocs\OpenCart\upload\system\library\image.php on line 180
2020-04-15 6:30:10 - PHP Warning:  imagecopyresampled() expects parameter 1 to be resource, boolean given in D:\xampp\htdocs\OpenCart\upload\system\library\image.php on line 182
2020-04-15 6:30:11 - PHP Warning:  imagecreatetruecolor(): Invalid image dimensions in D:\xampp\htdocs\OpenCart\upload\system\library\image.php on line 169
2020-04-15 6:30:11 - PHP Warning:  imagecolorallocate() expects parameter 1 to be resource, boolean given in D:\xampp\htdocs\OpenCart\upload\system\library\image.php on line 177
2020-04-15 6:30:11 - PHP Warning:  imagefilledrectangle() expects parameter 1 to be resource, boolean given in D:\xampp\htdocs\OpenCart\upload\system\library\image.php on line 180
2020-04-15 6:30:11 - PHP Warning:  imagecopyresampled() expects parameter 1 to be resource, boolean given in D:\xampp\htdocs\OpenCart\upload\system\library\image.php on line 182
2020-04-15 6:30:11 - PHP Warning:  Division by zero in D:\xampp\htdocs\OpenCart\upload\catalog\controller\product\category.php on line 332
2020-04-15 7:03:38 - PHP Warning:  imagecreatetruecolor(): Invalid image dimensions in D:\xampp\htdocs\OpenCart\upload\system\library\image.php on line 169
2020-04-15 7:03:38 - PHP Warning:  imagecolorallocate() expects parameter 1 to be resource, boolean given in D:\xampp\htdocs\OpenCart\upload\system\library\image.php on line 177
2020-04-15 7:03:38 - PHP Warning:  imagefilledrectangle() expects parameter 1 to be resource, boolean given in D:\xampp\htdocs\OpenCart\upload\system\library\image.php on line 180
2020-04-15 7:03:38 - PHP Warning:  imagecopyresampled() expects parameter 1 to be resource, boolean given in D:\xampp\htdocs\OpenCart\upload\system\library\image.php on line 182
2020-04-15 7:03:38 - PHP Warning:  imagecreatetruecolor(): Invalid image dimensions in D:\xampp\htdocs\OpenCart\upload\system\library\image.php on line 169
2020-04-15 7:03:38 - PHP Warning:  imagecolorallocate() expects parameter 1 to be resource, boolean given in D:\xampp\htdocs\OpenCart\upload\system\library\image.php on line 177
2020-04-15 7:03:38 - PHP Warning:  imagefilledrectangle() expects parameter 1 to be resource, boolean given in D:\xampp\htdocs\OpenCart\upload\system\library\image.php on line 180
2020-04-15 7:03:38 - PHP Warning:  imagecopyresampled() expects parameter 1 to be resource, boolean given in D:\xampp\htdocs\OpenCart\upload\system\library\image.php on line 182
2020-04-15 7:03:38 - PHP Warning:  imagecreatetruecolor(): Invalid image dimensions in D:\xampp\htdocs\OpenCart\upload\system\library\image.php on line 169
2020-04-15 7:03:38 - PHP Warning:  imagecolorallocate() expects parameter 1 to be resource, boolean given in D:\xampp\htdocs\OpenCart\upload\system\library\image.php on line 177
2020-04-15 7:03:38 - PHP Warning:  imagefilledrectangle() expects parameter 1 to be resource, boolean given in D:\xampp\htdocs\OpenCart\upload\system\library\image.php on line 180
2020-04-15 7:03:38 - PHP Warning:  imagecopyresampled() expects parameter 1 to be resource, boolean given in D:\xampp\htdocs\OpenCart\upload\system\library\image.php on line 182
2020-04-15 7:03:38 - PHP Warning:  imagecreatetruecolor(): Invalid image dimensions in D:\xampp\htdocs\OpenCart\upload\system\library\image.php on line 169
2020-04-15 7:03:38 - PHP Warning:  imagecolorallocate() expects parameter 1 to be resource, boolean given in D:\xampp\htdocs\OpenCart\upload\system\library\image.php on line 177
2020-04-15 7:03:38 - PHP Warning:  imagefilledrectangle() expects parameter 1 to be resource, boolean given in D:\xampp\htdocs\OpenCart\upload\system\library\image.php on line 180
2020-04-15 7:03:38 - PHP Warning:  imagecopyresampled() expects parameter 1 to be resource, boolean given in D:\xampp\htdocs\OpenCart\upload\system\library\image.php on line 182
2020-04-15 7:03:38 - PHP Warning:  imagecreatetruecolor(): Invalid image dimensions in D:\xampp\htdocs\OpenCart\upload\system\library\image.php on line 169
2020-04-15 7:03:38 - PHP Warning:  imagecolorallocate() expects parameter 1 to be resource, boolean given in D:\xampp\htdocs\OpenCart\upload\system\library\image.php on line 177
2020-04-15 7:03:38 - PHP Warning:  imagefilledrectangle() expects parameter 1 to be resource, boolean given in D:\xampp\htdocs\OpenCart\upload\system\library\image.php on line 180
2020-04-15 7:03:38 - PHP Warning:  imagecopyresampled() expects parameter 1 to be resource, boolean given in D:\xampp\htdocs\OpenCart\upload\system\library\image.php on line 182
2020-04-15 7:03:38 - PHP Warning:  imagecreatetruecolor(): Invalid image dimensions in D:\xampp\htdocs\OpenCart\upload\system\library\image.php on line 169
2020-04-15 7:03:38 - PHP Warning:  imagecolorallocate() expects parameter 1 to be resource, boolean given in D:\xampp\htdocs\OpenCart\upload\system\library\image.php on line 177
2020-04-15 7:03:38 - PHP Warning:  imagefilledrectangle() expects parameter 1 to be resource, boolean given in D:\xampp\htdocs\OpenCart\upload\system\library\image.php on line 180
2020-04-15 7:03:38 - PHP Warning:  imagecopyresampled() expects parameter 1 to be resource, boolean given in D:\xampp\htdocs\OpenCart\upload\system\library\image.php on line 182
2020-04-15 7:03:38 - PHP Warning:  Division by zero in D:\xampp\htdocs\OpenCart\upload\catalog\controller\product\category.php on line 332
2020-04-15 7:37:40 - PHP Warning:  imagecreatetruecolor(): Invalid image dimensions in D:\xampp\htdocs\OpenCart\upload\system\library\image.php on line 169
2020-04-15 7:37:40 - PHP Warning:  imagealphablending() expects parameter 1 to be resource, boolean given in D:\xampp\htdocs\OpenCart\upload\system\library\image.php on line 172
2020-04-15 7:37:40 - PHP Warning:  imagesavealpha() expects parameter 1 to be resource, boolean given in D:\xampp\htdocs\OpenCart\upload\system\library\image.php on line 173
2020-04-15 7:37:40 - PHP Warning:  imagecolorallocatealpha() expects parameter 1 to be resource, boolean given in D:\xampp\htdocs\OpenCart\upload\system\library\image.php on line 174
2020-04-15 7:37:40 - PHP Warning:  imagecolortransparent() expects parameter 1 to be resource, boolean given in D:\xampp\htdocs\OpenCart\upload\system\library\image.php on line 175
2020-04-15 7:37:40 - PHP Warning:  imagefilledrectangle() expects parameter 1 to be resource, boolean given in D:\xampp\htdocs\OpenCart\upload\system\library\image.php on line 180
2020-04-15 7:37:40 - PHP Warning:  imagecopyresampled() expects parameter 1 to be resource, boolean given in D:\xampp\htdocs\OpenCart\upload\system\library\image.php on line 182
2020-04-15 9:18:02 - PHP Warning:  imagecreatetruecolor(): Invalid image dimensions in D:\xampp\htdocs\OpenCart\upload\system\library\image.php on line 169
2020-04-15 9:18:02 - PHP Warning:  imagealphablending() expects parameter 1 to be resource, boolean given in D:\xampp\htdocs\OpenCart\upload\system\library\image.php on line 172
2020-04-15 9:18:02 - PHP Warning:  imagesavealpha() expects parameter 1 to be resource, boolean given in D:\xampp\htdocs\OpenCart\upload\system\library\image.php on line 173
2020-04-15 9:18:02 - PHP Warning:  imagecolorallocatealpha() expects parameter 1 to be resource, boolean given in D:\xampp\htdocs\OpenCart\upload\system\library\image.php on line 174
2020-04-15 9:18:02 - PHP Warning:  imagecolortransparent() expects parameter 1 to be resource, boolean given in D:\xampp\htdocs\OpenCart\upload\system\library\image.php on line 175
2020-04-15 9:18:02 - PHP Warning:  imagefilledrectangle() expects parameter 1 to be resource, boolean given in D:\xampp\htdocs\OpenCart\upload\system\library\image.php on line 180
2020-04-15 9:18:02 - PHP Warning:  imagecopyresampled() expects parameter 1 to be resource, boolean given in D:\xampp\htdocs\OpenCart\upload\system\library\image.php on line 182
2020-04-16 0:38:53 - PHP Warning:  imagecreatetruecolor(): Invalid image dimensions in D:\xampp\htdocs\OpenCart\upload\system\library\image.php on line 169
2020-04-16 0:38:53 - PHP Warning:  imagealphablending() expects parameter 1 to be resource, boolean given in D:\xampp\htdocs\OpenCart\upload\system\library\image.php on line 172
2020-04-16 0:38:53 - PHP Warning:  imagesavealpha() expects parameter 1 to be resource, boolean given in D:\xampp\htdocs\OpenCart\upload\system\library\image.php on line 173
2020-04-16 0:38:53 - PHP Warning:  imagecolorallocatealpha() expects parameter 1 to be resource, boolean given in D:\xampp\htdocs\OpenCart\upload\system\library\image.php on line 174
2020-04-16 0:38:53 - PHP Warning:  imagecolortransparent() expects parameter 1 to be resource, boolean given in D:\xampp\htdocs\OpenCart\upload\system\library\image.php on line 175
2020-04-16 0:38:53 - PHP Warning:  imagefilledrectangle() expects parameter 1 to be resource, boolean given in D:\xampp\htdocs\OpenCart\upload\system\library\image.php on line 180
2020-04-16 0:38:53 - PHP Warning:  imagecopyresampled() expects parameter 1 to be resource, boolean given in D:\xampp\htdocs\OpenCart\upload\system\library\image.php on line 182
2020-04-16 1:02:04 - PHP Warning:  imagecreatetruecolor(): Invalid image dimensions in D:\xampp\htdocs\OpenCart\upload\system\library\image.php on line 169
2020-04-16 1:02:04 - PHP Warning:  imagealphablending() expects parameter 1 to be resource, boolean given in D:\xampp\htdocs\OpenCart\upload\system\library\image.php on line 172
2020-04-16 1:02:04 - PHP Warning:  imagesavealpha() expects parameter 1 to be resource, boolean given in D:\xampp\htdocs\OpenCart\upload\system\library\image.php on line 173
2020-04-16 1:02:04 - PHP Warning:  imagecolorallocatealpha() expects parameter 1 to be resource, boolean given in D:\xampp\htdocs\OpenCart\upload\system\library\image.php on line 174
2020-04-16 1:02:04 - PHP Warning:  imagecolortransparent() expects parameter 1 to be resource, boolean given in D:\xampp\htdocs\OpenCart\upload\system\library\image.php on line 175
2020-04-16 1:02:04 - PHP Warning:  imagefilledrectangle() expects parameter 1 to be resource, boolean given in D:\xampp\htdocs\OpenCart\upload\system\library\image.php on line 180
2020-04-16 1:02:04 - PHP Warning:  imagecopyresampled() expects parameter 1 to be resource, boolean given in D:\xampp\htdocs\OpenCart\upload\system\library\image.php on line 182
2020-04-16 1:03:32 - PHP Warning:  imagecreatetruecolor(): Invalid image dimensions in D:\xampp\htdocs\OpenCart\upload\system\library\image.php on line 169
2020-04-16 1:03:32 - PHP Warning:  imagealphablending() expects parameter 1 to be resource, boolean given in D:\xampp\htdocs\OpenCart\upload\system\library\image.php on line 172
2020-04-16 1:03:32 - PHP Warning:  imagesavealpha() expects parameter 1 to be resource, boolean given in D:\xampp\htdocs\OpenCart\upload\system\library\image.php on line 173
2020-04-16 1:03:32 - PHP Warning:  imagecolorallocatealpha() expects parameter 1 to be resource, boolean given in D:\xampp\htdocs\OpenCart\upload\system\library\image.php on line 174
2020-04-16 1:03:32 - PHP Warning:  imagecolortransparent() expects parameter 1 to be resource, boolean given in D:\xampp\htdocs\OpenCart\upload\system\library\image.php on line 175
2020-04-16 1:03:32 - PHP Warning:  imagefilledrectangle() expects parameter 1 to be resource, boolean given in D:\xampp\htdocs\OpenCart\upload\system\library\image.php on line 180
2020-04-16 1:03:32 - PHP Warning:  imagecopyresampled() expects parameter 1 to be resource, boolean given in D:\xampp\htdocs\OpenCart\upload\system\library\image.php on line 182
2020-04-16 1:12:06 - PHP Warning:  imagecreatetruecolor(): Invalid image dimensions in D:\xampp\htdocs\OpenCart\upload\system\library\image.php on line 169
2020-04-16 1:12:06 - PHP Warning:  imagealphablending() expects parameter 1 to be resource, boolean given in D:\xampp\htdocs\OpenCart\upload\system\library\image.php on line 172
2020-04-16 1:12:06 - PHP Warning:  imagesavealpha() expects parameter 1 to be resource, boolean given in D:\xampp\htdocs\OpenCart\upload\system\library\image.php on line 173
2020-04-16 1:12:06 - PHP Warning:  imagecolorallocatealpha() expects parameter 1 to be resource, boolean given in D:\xampp\htdocs\OpenCart\upload\system\library\image.php on line 174
2020-04-16 1:12:06 - PHP Warning:  imagecolortransparent() expects parameter 1 to be resource, boolean given in D:\xampp\htdocs\OpenCart\upload\system\library\image.php on line 175
2020-04-16 1:12:06 - PHP Warning:  imagefilledrectangle() expects parameter 1 to be resource, boolean given in D:\xampp\htdocs\OpenCart\upload\system\library\image.php on line 180
2020-04-16 1:12:06 - PHP Warning:  imagecopyresampled() expects parameter 1 to be resource, boolean given in D:\xampp\htdocs\OpenCart\upload\system\library\image.php on line 182
2020-04-16 1:14:36 - PHP Warning:  imagecreatetruecolor(): Invalid image dimensions in D:\xampp\htdocs\OpenCart\upload\system\library\image.php on line 169
2020-04-16 1:14:36 - PHP Warning:  imagealphablending() expects parameter 1 to be resource, boolean given in D:\xampp\htdocs\OpenCart\upload\system\library\image.php on line 172
2020-04-16 1:14:36 - PHP Warning:  imagesavealpha() expects parameter 1 to be resource, boolean given in D:\xampp\htdocs\OpenCart\upload\system\library\image.php on line 173
2020-04-16 1:14:36 - PHP Warning:  imagecolorallocatealpha() expects parameter 1 to be resource, boolean given in D:\xampp\htdocs\OpenCart\upload\system\library\image.php on line 174
2020-04-16 1:14:36 - PHP Warning:  imagecolortransparent() expects parameter 1 to be resource, boolean given in D:\xampp\htdocs\OpenCart\upload\system\library\image.php on line 175
2020-04-16 1:14:36 - PHP Warning:  imagefilledrectangle() expects parameter 1 to be resource, boolean given in D:\xampp\htdocs\OpenCart\upload\system\library\image.php on line 180
2020-04-16 1:14:36 - PHP Warning:  imagecopyresampled() expects parameter 1 to be resource, boolean given in D:\xampp\htdocs\OpenCart\upload\system\library\image.php on line 182
2020-04-16 6:46:01 - PHP Warning:  imagecreatetruecolor(): Invalid image dimensions in D:\xampp\htdocs\OpenCart\upload\system\library\image.php on line 169
2020-04-16 6:46:01 - PHP Warning:  imagealphablending() expects parameter 1 to be resource, boolean given in D:\xampp\htdocs\OpenCart\upload\system\library\image.php on line 172
2020-04-16 6:46:01 - PHP Warning:  imagesavealpha() expects parameter 1 to be resource, boolean given in D:\xampp\htdocs\OpenCart\upload\system\library\image.php on line 173
2020-04-16 6:46:01 - PHP Warning:  imagecolorallocatealpha() expects parameter 1 to be resource, boolean given in D:\xampp\htdocs\OpenCart\upload\system\library\image.php on line 174
2020-04-16 6:46:01 - PHP Warning:  imagecolortransparent() expects parameter 1 to be resource, boolean given in D:\xampp\htdocs\OpenCart\upload\system\library\image.php on line 175
2020-04-16 6:46:01 - PHP Warning:  imagefilledrectangle() expects parameter 1 to be resource, boolean given in D:\xampp\htdocs\OpenCart\upload\system\library\image.php on line 180
2020-04-16 6:46:01 - PHP Warning:  imagecopyresampled() expects parameter 1 to be resource, boolean given in D:\xampp\htdocs\OpenCart\upload\system\library\image.php on line 182
2020-04-16 7:39:24 - PHP Warning:  imagecreatetruecolor(): Invalid image dimensions in D:\xampp\htdocs\OpenCart\upload\system\library\image.php on line 169
2020-04-16 7:39:24 - PHP Warning:  imagecolorallocate() expects parameter 1 to be resource, boolean given in D:\xampp\htdocs\OpenCart\upload\system\library\image.php on line 177
2020-04-16 7:39:24 - PHP Warning:  imagefilledrectangle() expects parameter 1 to be resource, boolean given in D:\xampp\htdocs\OpenCart\upload\system\library\image.php on line 180
2020-04-16 7:39:24 - PHP Warning:  imagecopyresampled() expects parameter 1 to be resource, boolean given in D:\xampp\htdocs\OpenCart\upload\system\library\image.php on line 182
2020-04-16 7:39:24 - PHP Warning:  imagecreatetruecolor(): Invalid image dimensions in D:\xampp\htdocs\OpenCart\upload\system\library\image.php on line 169
2020-04-16 7:39:24 - PHP Warning:  imagecolorallocate() expects parameter 1 to be resource, boolean given in D:\xampp\htdocs\OpenCart\upload\system\library\image.php on line 177
2020-04-16 7:39:24 - PHP Warning:  imagefilledrectangle() expects parameter 1 to be resource, boolean given in D:\xampp\htdocs\OpenCart\upload\system\library\image.php on line 180
2020-04-16 7:39:24 - PHP Warning:  imagecopyresampled() expects parameter 1 to be resource, boolean given in D:\xampp\htdocs\OpenCart\upload\system\library\image.php on line 182
2020-04-16 7:39:24 - PHP Warning:  Division by zero in D:\xampp\htdocs\OpenCart\upload\catalog\controller\product\special.php on line 238
